c:\users\oscar\desktop\qt_opengl_framework\qt_opengl_framework\debug\qt_opengl_framework.obj
c:\users\oscar\desktop\qt_opengl_framework\qt_opengl_framework\debug\openglwidget.obj
c:\users\oscar\desktop\qt_opengl_framework\qt_opengl_framework\debug\openglrenderthread.obj
c:\users\oscar\desktop\qt_opengl_framework\qt_opengl_framework\debug\mb.obj
c:\users\oscar\desktop\qt_opengl_framework\qt_opengl_framework\debug\main.obj
c:\users\oscar\desktop\qt_opengl_framework\qt_opengl_framework\debug\moc_qt_opengl_framework.obj
c:\users\oscar\desktop\qt_opengl_framework\qt_opengl_framework\debug\moc_openglwidget.obj
c:\users\oscar\desktop\qt_opengl_framework\qt_opengl_framework\debug\moc_openglrenderthread.obj
c:\users\oscar\desktop\qt_opengl_framework\qt_opengl_framework\debug\moc_mb.obj
c:\users\oscar\desktop\qt_opengl_framework\qt_opengl_framework\debug\application.obj
c:\users\oscar\desktop\qt_opengl_framework\qt_opengl_framework\debug\vc100.pdb
c:\users\oscar\desktop\qt_opengl_framework\qt_opengl_framework\debug\qrc_qt_opengl_framework.obj
h:\cgl2015s_0313\qt_opengl_framework\qt_opengl_framework\debug\qt_opengl_framework.obj
h:\cgl2015s_0313\qt_opengl_framework\qt_opengl_framework\debug\openglwidget.obj
h:\cgl2015s_0313\qt_opengl_framework\qt_opengl_framework\debug\openglrenderthread.obj
h:\cgl2015s_0313\qt_opengl_framework\qt_opengl_framework\debug\mb.obj
h:\cgl2015s_0313\qt_opengl_framework\qt_opengl_framework\debug\main.obj
h:\cgl2015s_0313\qt_opengl_framework\qt_opengl_framework\debug\moc_qt_opengl_framework.obj
h:\cgl2015s_0313\qt_opengl_framework\qt_opengl_framework\debug\moc_openglwidget.obj
h:\cgl2015s_0313\qt_opengl_framework\qt_opengl_framework\debug\moc_openglrenderthread.obj
h:\cgl2015s_0313\qt_opengl_framework\qt_opengl_framework\debug\moc_mb.obj
h:\cgl2015s_0313\qt_opengl_framework\qt_opengl_framework\debug\application.obj
h:\cgl2015s_0313\qt_opengl_framework\qt_opengl_framework\debug\vc100.pdb
h:\cgl2015s_0313\qt_opengl_framework\qt_opengl_framework\debug\qrc_qt_opengl_framework.obj
c:\users\oscar\desktop\qt_opengl_framework\qt_opengl_framework\generatedfiles\debug\moc_qt_opengl_framework.cpp
c:\users\oscar\desktop\qt_opengl_framework\qt_opengl_framework\generatedfiles\ui_qt_opengl_framework.h
c:\users\oscar\desktop\qt_opengl_framework\qt_opengl_framework\generatedfiles\debug\moc_mb.cpp
c:\users\oscar\desktop\qt_opengl_framework\qt_opengl_framework\generatedfiles\debug\moc_openglrenderthread.cpp
c:\users\oscar\desktop\qt_opengl_framework\qt_opengl_framework\generatedfiles\qrc_qt_opengl_framework.cpp
c:\users\oscar\desktop\qt_opengl_framework\qt_opengl_framework\generatedfiles\ui_prompt.h
c:\users\oscar\desktop\qt_opengl_framework\qt_opengl_framework\generatedfiles\ui_about.h
c:\users\oscar\desktop\qt_opengl_framework\qt_opengl_framework\generatedfiles\debug\moc_openglwidget.cpp
h:\cgl2015s_0313\qt_opengl_framework\qt_opengl_framework\generatedfiles\debug\moc_openglwidget.cpp
h:\cgl2015s_0313\qt_opengl_framework\qt_opengl_framework\generatedfiles\debug\moc_mb.cpp
h:\cgl2015s_0313\qt_opengl_framework\qt_opengl_framework\generatedfiles\debug\moc_openglrenderthread.cpp
h:\cgl2015s_0313\qt_opengl_framework\qt_opengl_framework\generatedfiles\qrc_qt_opengl_framework.cpp
h:\cgl2015s_0313\qt_opengl_framework\qt_opengl_framework\generatedfiles\ui_prompt.h
h:\cgl2015s_0313\qt_opengl_framework\qt_opengl_framework\generatedfiles\ui_qt_opengl_framework.h
h:\cgl2015s_0313\qt_opengl_framework\qt_opengl_framework\generatedfiles\debug\moc_qt_opengl_framework.cpp
h:\cgl2015s_0313\qt_opengl_framework\qt_opengl_framework\generatedfiles\ui_about.h
c:\users\oscar\desktop\qt_opengl_framework\win32\debug\qt_opengl_framework.ilk
c:\users\oscar\desktop\qt_opengl_framework\win32\debug\qt_opengl_framework.exe
c:\users\oscar\desktop\qt_opengl_framework\qt_opengl_framework\debug\qt_opengl_framework.exe.intermediate.manifest
c:\users\oscar\desktop\qt_opengl_framework\win32\debug\qt_opengl_framework.pdb
h:\cgl2015s_0313\qt_opengl_framework\win32\debug\qt_opengl_framework.ilk
h:\cgl2015s_0313\qt_opengl_framework\win32\debug\qt_opengl_framework.exe
h:\cgl2015s_0313\qt_opengl_framework\qt_opengl_framework\debug\qt_opengl_framework.exe.intermediate.manifest
h:\cgl2015s_0313\qt_opengl_framework\win32\debug\qt_opengl_framework.pdb
d:\graduated2\圖導\course_2018\projects\imageprocessing\project1 framework\qt_opengl_framework\qt_opengl_framework\qt_opengl_framework\debug\qt_opengl_framework.vcxprojresolveassemblyreference.cache
d:\graduated2\圖導\course_2018\projects\imageprocessing\project1 framework\qt_opengl_framework\qt_opengl_framework\qt_opengl_framework\debug\application.obj
d:\graduated2\圖導\course_2018\projects\imageprocessing\project1 framework\qt_opengl_framework\qt_opengl_framework\qt_opengl_framework\debug\main.obj
d:\graduated2\圖導\course_2018\projects\imageprocessing\project1 framework\qt_opengl_framework\qt_opengl_framework\qt_opengl_framework\debug\mb.obj
d:\graduated2\圖導\course_2018\projects\imageprocessing\project1 framework\qt_opengl_framework\qt_opengl_framework\qt_opengl_framework\debug\moc_mb.obj
d:\graduated2\圖導\course_2018\projects\imageprocessing\project1 framework\qt_opengl_framework\qt_opengl_framework\qt_opengl_framework\debug\moc_openglrenderthread.obj
d:\graduated2\圖導\course_2018\projects\imageprocessing\project1 framework\qt_opengl_framework\qt_opengl_framework\qt_opengl_framework\debug\moc_openglwidget.obj
d:\graduated2\圖導\course_2018\projects\imageprocessing\project1 framework\qt_opengl_framework\qt_opengl_framework\qt_opengl_framework\debug\moc_qt_opengl_framework.obj
d:\graduated2\圖導\course_2018\projects\imageprocessing\project1 framework\qt_opengl_framework\qt_opengl_framework\qt_opengl_framework\debug\openglrenderthread.obj
d:\graduated2\圖導\course_2018\projects\imageprocessing\project1 framework\qt_opengl_framework\qt_opengl_framework\qt_opengl_framework\debug\openglwidget.obj
d:\graduated2\圖導\course_2018\projects\imageprocessing\project1 framework\qt_opengl_framework\qt_opengl_framework\qt_opengl_framework\debug\qrc_qt_opengl_framework.obj
d:\graduated2\圖導\course_2018\projects\imageprocessing\project1 framework\qt_opengl_framework\qt_opengl_framework\qt_opengl_framework\debug\qt_opengl_framework.obj
d:\graduated2\圖導\course_2018\projects\imageprocessing\project1 framework\qt_opengl_framework\qt_opengl_framework\qt_opengl_framework\debug\cl.command.1.tlog
d:\graduated2\圖導\course_2018\projects\imageprocessing\project1 framework\qt_opengl_framework\qt_opengl_framework\qt_opengl_framework\debug\cl.read.1.tlog
d:\graduated2\圖導\course_2018\projects\imageprocessing\project1 framework\qt_opengl_framework\qt_opengl_framework\qt_opengl_framework\debug\cl.write.1.tlog
d:\graduated2\圖導\course_2018\projects\imageprocessing\project1 framework\qt_opengl_framework\qt_opengl_framework\qt_opengl_framework\debug\custombuild.command.1.tlog
d:\graduated2\圖導\course_2018\projects\imageprocessing\project1 framework\qt_opengl_framework\qt_opengl_framework\qt_opengl_framework\debug\custombuild.read.1.tlog
d:\graduated2\圖導\course_2018\projects\imageprocessing\project1 framework\qt_opengl_framework\qt_opengl_framework\qt_opengl_framework\debug\custombuild.write.1.tlog
d:\graduated2\圖導\course_2018\projects\imageprocessing\project1 framework\qt_opengl_framework\qt_opengl_framework\qt_opengl_framework\debug\link.command.1.tlog
d:\graduated2\圖導\course_2018\projects\imageprocessing\project1 framework\qt_opengl_framework\qt_opengl_framework\qt_opengl_framework\debug\link.read.1.tlog
d:\graduated2\圖導\course_2018\projects\imageprocessing\project1 framework\qt_opengl_framework\qt_opengl_framework\qt_opengl_framework\debug\link.write.1.tlog
d:\graduated2\圖導\course_2018\projects\imageprocessing\project1 framework\qt_opengl_framework\qt_opengl_framework\qt_opengl_framework\debug\mt.command.1.tlog
d:\graduated2\圖導\course_2018\projects\imageprocessing\project1 framework\qt_opengl_framework\qt_opengl_framework\qt_opengl_framework\debug\mt.read.1.tlog
d:\graduated2\圖導\course_2018\projects\imageprocessing\project1 framework\qt_opengl_framework\qt_opengl_framework\qt_opengl_framework\debug\mt.write.1.tlog
d:\graduated2\圖導\course_2018\projects\imageprocessing\project1 framework\qt_opengl_framework\qt_opengl_framework\qt_opengl_framework\debug\qt_opengl_framework.write.1.tlog
d:\graduated2\圖導\course_2018\projects\imageprocessing\project1 framework\qt_opengl_framework\qt_opengl_framework\qt_opengl_framework\debug\qt_opengl_framework.exe.intermediate.manifest
d:\graduated2\圖導\course_2018\projects\imageprocessing\project1 framework\qt_opengl_framework\qt_opengl_framework\qt_opengl_framework\debug\vc100.pdb
d:\graduated2\圖導\course_2018\projects\imageprocessing\project1 framework\qt_opengl_framework\qt_opengl_framework\win32\debug\qt_opengl_framework.pdb
d:\graduated2\圖導\course_2018\projects\imageprocessing\project1 framework\qt_opengl_framework\qt_opengl_framework\win32\debug\qt_opengl_framework.exe
d:\graduated2\圖導\course_2018\projects\imageprocessing\project1 framework\qt_opengl_framework\qt_opengl_framework\win32\debug\qt_opengl_framework.ilk
