d:\graduated2\圖導\old_course\projects\imageprocessing\project1 framework\qt_opengl_framework\qt_opengl_framework\qt_opengl_framework\x64\debug\vc141.pdb
d:\graduated2\圖導\old_course\projects\imageprocessing\project1 framework\qt_opengl_framework\qt_opengl_framework\qt_opengl_framework\x64\debug\qt_opengl_framework.obj
d:\graduated2\圖導\old_course\projects\imageprocessing\project1 framework\qt_opengl_framework\qt_opengl_framework\qt_opengl_framework\x64\debug\openglwidget.obj
d:\graduated2\圖導\old_course\projects\imageprocessing\project1 framework\qt_opengl_framework\qt_opengl_framework\qt_opengl_framework\x64\debug\openglrenderthread.obj
d:\graduated2\圖導\old_course\projects\imageprocessing\project1 framework\qt_opengl_framework\qt_opengl_framework\qt_opengl_framework\x64\debug\mb.obj
d:\graduated2\圖導\old_course\projects\imageprocessing\project1 framework\qt_opengl_framework\qt_opengl_framework\qt_opengl_framework\x64\debug\main.obj
d:\graduated2\圖導\old_course\projects\imageprocessing\project1 framework\qt_opengl_framework\qt_opengl_framework\qt_opengl_framework\x64\debug\moc_qt_opengl_framework.obj
d:\graduated2\圖導\old_course\projects\imageprocessing\project1 framework\qt_opengl_framework\qt_opengl_framework\qt_opengl_framework\x64\debug\moc_openglwidget.obj
d:\graduated2\圖導\old_course\projects\imageprocessing\project1 framework\qt_opengl_framework\qt_opengl_framework\qt_opengl_framework\x64\debug\moc_openglrenderthread.obj
d:\graduated2\圖導\old_course\projects\imageprocessing\project1 framework\qt_opengl_framework\qt_opengl_framework\qt_opengl_framework\x64\debug\moc_mb.obj
d:\graduated2\圖導\old_course\projects\imageprocessing\project1 framework\qt_opengl_framework\qt_opengl_framework\qt_opengl_framework\x64\debug\application.obj
d:\graduated2\圖導\old_course\projects\imageprocessing\project1 framework\qt_opengl_framework\qt_opengl_framework\qt_opengl_framework\x64\debug\qrc_qt_opengl_framework.obj
d:\graduated2\圖導\old_course\projects\imageprocessing\project1 framework\qt_opengl_framework\qt_opengl_framework\qt_opengl_framework\generatedfiles\debug\moc_qt_opengl_framework.cpp
d:\graduated2\圖導\old_course\projects\imageprocessing\project1 framework\qt_opengl_framework\qt_opengl_framework\qt_opengl_framework\generatedfiles\ui_qt_opengl_framework.h
d:\graduated2\圖導\old_course\projects\imageprocessing\project1 framework\qt_opengl_framework\qt_opengl_framework\qt_opengl_framework\generatedfiles\debug\moc_openglwidget.cpp
d:\graduated2\圖導\old_course\projects\imageprocessing\project1 framework\qt_opengl_framework\qt_opengl_framework\qt_opengl_framework\generatedfiles\debug\moc_mb.cpp
d:\graduated2\圖導\old_course\projects\imageprocessing\project1 framework\qt_opengl_framework\qt_opengl_framework\qt_opengl_framework\generatedfiles\debug\moc_openglrenderthread.cpp
d:\graduated2\圖導\old_course\projects\imageprocessing\project1 framework\qt_opengl_framework\qt_opengl_framework\qt_opengl_framework\generatedfiles\qrc_qt_opengl_framework.cpp
d:\graduated2\圖導\old_course\projects\imageprocessing\project1 framework\qt_opengl_framework\qt_opengl_framework\qt_opengl_framework\generatedfiles\ui_prompt.h
d:\graduated2\圖導\old_course\projects\imageprocessing\project1 framework\qt_opengl_framework\qt_opengl_framework\qt_opengl_framework\generatedfiles\ui_about.h
d:\graduated2\圖導\old_course\projects\imageprocessing\project1 framework\qt_opengl_framework\qt_opengl_framework\x64\debug\qt_opengl_framework.ilk
d:\graduated2\圖導\old_course\projects\imageprocessing\project1 framework\qt_opengl_framework\qt_opengl_framework\x64\debug\qt_opengl_framework.exe
d:\graduated2\圖導\old_course\projects\imageprocessing\project1 framework\qt_opengl_framework\qt_opengl_framework\x64\debug\qt_opengl_framework.pdb
d:\graduated2\圖導\old_course\projects\imageprocessing\project1 framework\qt_opengl_framework\qt_opengl_framework\qt_opengl_framework\x64\debug\qt_openg.7ba73acb.tlog\cl.command.1.tlog
d:\graduated2\圖導\old_course\projects\imageprocessing\project1 framework\qt_opengl_framework\qt_opengl_framework\qt_opengl_framework\x64\debug\qt_openg.7ba73acb.tlog\cl.read.1.tlog
d:\graduated2\圖導\old_course\projects\imageprocessing\project1 framework\qt_opengl_framework\qt_opengl_framework\qt_opengl_framework\x64\debug\qt_openg.7ba73acb.tlog\cl.write.1.tlog
d:\graduated2\圖導\old_course\projects\imageprocessing\project1 framework\qt_opengl_framework\qt_opengl_framework\qt_opengl_framework\x64\debug\qt_openg.7ba73acb.tlog\custombuild.command.1.tlog
d:\graduated2\圖導\old_course\projects\imageprocessing\project1 framework\qt_opengl_framework\qt_opengl_framework\qt_opengl_framework\x64\debug\qt_openg.7ba73acb.tlog\custombuild.read.1.tlog
d:\graduated2\圖導\old_course\projects\imageprocessing\project1 framework\qt_opengl_framework\qt_opengl_framework\qt_opengl_framework\x64\debug\qt_openg.7ba73acb.tlog\custombuild.write.1.tlog
d:\graduated2\圖導\old_course\projects\imageprocessing\project1 framework\qt_opengl_framework\qt_opengl_framework\qt_opengl_framework\x64\debug\qt_openg.7ba73acb.tlog\link.command.1.tlog
d:\graduated2\圖導\old_course\projects\imageprocessing\project1 framework\qt_opengl_framework\qt_opengl_framework\qt_opengl_framework\x64\debug\qt_openg.7ba73acb.tlog\link.read.1.tlog
d:\graduated2\圖導\old_course\projects\imageprocessing\project1 framework\qt_opengl_framework\qt_opengl_framework\qt_opengl_framework\x64\debug\qt_openg.7ba73acb.tlog\link.write.1.tlog
