  Moc'ing qt_opengl_framework.h...
  Uic'ing qt_opengl_framework.ui...
  Moc'ing OpenglWidget.h...
  Moc'ing MB.h...
  Moc'ing OpenglRenderThread.h...
  Rcc'ing qt_opengl_framework.qrc...
RCC : warning : No resources in 'D:\Graduated2\??\old_course\Projects\ImageProcessing\Project1 Framework\Qt_Opengl_Framework\Qt_Opengl_Framework\Qt_Opengl_Framework\qt_opengl_framework.qrc'.
  
  Uic'ing prompt.ui...
  Uic'ing About.ui...
  Application.cpp
d:\qt_5_11\5.11.1\msvc2017_64\include\qtcore\qchar.h(96): error C2535: 'QChar::QChar(ushort) noexcept': 已經定義或宣告成員函式
  d:\qt_5_11\5.11.1\msvc2017_64\include\qtcore\qchar.h(82): note: 請參閱 'QChar::QChar' 的宣告
  moc_MB.cpp
d:\qt_5_11\5.11.1\msvc2017_64\include\qtcore\qchar.h(96): error C2535: 'QChar::QChar(ushort) noexcept': 已經定義或宣告成員函式
  d:\qt_5_11\5.11.1\msvc2017_64\include\qtcore\qchar.h(82): note: 請參閱 'QChar::QChar' 的宣告
  moc_OpenglRenderThread.cpp
d:\qt_5_11\5.11.1\msvc2017_64\include\qtcore\qchar.h(96): error C2535: 'QChar::QChar(ushort) noexcept': 已經定義或宣告成員函式
  d:\qt_5_11\5.11.1\msvc2017_64\include\qtcore\qchar.h(82): note: 請參閱 'QChar::QChar' 的宣告
  moc_OpenglWidget.cpp
d:\qt_5_11\5.11.1\msvc2017_64\include\qtcore\qchar.h(96): error C2535: 'QChar::QChar(ushort) noexcept': 已經定義或宣告成員函式
  d:\qt_5_11\5.11.1\msvc2017_64\include\qtcore\qchar.h(82): note: 請參閱 'QChar::QChar' 的宣告
  moc_qt_opengl_framework.cpp
d:\qt_5_11\5.11.1\msvc2017_64\include\qtcore\qchar.h(96): error C2535: 'QChar::QChar(ushort) noexcept': 已經定義或宣告成員函式
  d:\qt_5_11\5.11.1\msvc2017_64\include\qtcore\qchar.h(82): note: 請參閱 'QChar::QChar' 的宣告
  main.cpp
d:\qt_5_11\5.11.1\msvc2017_64\include\qtcore\qchar.h(96): error C2535: 'QChar::QChar(ushort) noexcept': 已經定義或宣告成員函式
  d:\qt_5_11\5.11.1\msvc2017_64\include\qtcore\qchar.h(82): note: 請參閱 'QChar::QChar' 的宣告
  MB.cpp
d:\qt_5_11\5.11.1\msvc2017_64\include\qtcore\qchar.h(96): error C2535: 'QChar::QChar(ushort) noexcept': 已經定義或宣告成員函式
  d:\qt_5_11\5.11.1\msvc2017_64\include\qtcore\qchar.h(82): note: 請參閱 'QChar::QChar' 的宣告
  OpenglRenderThread.cpp
d:\qt_5_11\5.11.1\msvc2017_64\include\qtcore\qchar.h(96): error C2535: 'QChar::QChar(ushort) noexcept': 已經定義或宣告成員函式
  d:\qt_5_11\5.11.1\msvc2017_64\include\qtcore\qchar.h(82): note: 請參閱 'QChar::QChar' 的宣告
  OpenglWidget.cpp
d:\qt_5_11\5.11.1\msvc2017_64\include\qtcore\qchar.h(96): error C2535: 'QChar::QChar(ushort) noexcept': 已經定義或宣告成員函式
  d:\qt_5_11\5.11.1\msvc2017_64\include\qtcore\qchar.h(82): note: 請參閱 'QChar::QChar' 的宣告
  qt_opengl_framework.cpp
d:\qt_5_11\5.11.1\msvc2017_64\include\qtcore\qchar.h(96): error C2535: 'QChar::QChar(ushort) noexcept': 已經定義或宣告成員函式
  d:\qt_5_11\5.11.1\msvc2017_64\include\qtcore\qchar.h(82): note: 請參閱 'QChar::QChar' 的宣告
  正在產生程式碼...
